# JRE version: 7.0_11-b21
# Java VM: Java HotSpot(TM) 64-Bit Server VM (23.6-b04 mixed mode windows-amd64 compressed oops)
Heap
 PSYoungGen      total 30784K, used 17965K [0x00000007d5560000, 0x00000007d92b0000, 0x0000000800000000)
  eden space 30528K, 58% used [0x00000007d5560000,0x00000007d66b34f0,0x00000007d7330000)
  from space 256K, 87% used [0x00000007d8f60000,0x00000007d8f98000,0x00000007d8fa0000)
  to   space 3136K, 0% used [0x00000007d8fa0000,0x00000007d8fa0000,0x00000007d92b0000)
 ParOldGen       total 87424K, used 19525K [0x0000000780000000, 0x0000000785560000, 0x00000007d5560000)
  object space 87424K, 22% used [0x0000000780000000,0x0000000781311530,0x0000000785560000)
 PSPermGen       total 21248K, used 9120K [0x000000077ae00000, 0x000000077c2c0000, 0x0000000780000000)
  object space 21248K, 42% used [0x000000077ae00000,0x000000077b6e8248,0x000000077c2c0000)
GC Heap History (10 events):
Event: 2.033 GC heap before
{Heap before GC invocations=3 (full 0):
 PSYoungGen      total 35072K, used 34696K [0x00000007d5560000, 0x00000007d9cf0000, 0x0000000800000000)
  eden space 32768K, 99% used [0x00000007d5560000,0x00000007d750f230,0x00000007d7560000)
  from space 2304K, 97% used [0x00000007d9ab0000,0x00000007d9ce3050,0x00000007d9cf0000)
  to   space 5440K, 0% used [0x00000007d9250000,0x00000007d9250000,0x00000007d97a0000)
 ParOldGen       total 87424K, used 16891K [0x0000000780000000, 0x0000000785560000, 0x00000007d5560000)
  object space 87424K, 19% used [0x0000000780000000,0x000000078107ec30,0x0000000785560000)
 PSPermGen       total 21248K, used 9027K [0x000000077ae00000, 0x000000077c2c0000, 0x0000000780000000)
  object space 21248K, 42% used [0x000000077ae00000,0x000000077b6d0dd0,0x000000077c2c0000)
Event: 2.037 GC heap after
Heap after GC invocations=3 (full 0):
 PSYoungGen      total 35008K, used 2236K [0x00000007d5560000, 0x00000007d9ac0000, 0x0000000800000000)
  eden space 32768K, 0% used [0x00000007d5560000,0x00000007d5560000,0x00000007d7560000)
  from space 2240K, 99% used [0x00000007d9250000,0x00000007d947f060,0x00000007d9480000)
  to   space 5440K, 0% used [0x00000007d9570000,0x00000007d9570000,0x00000007d9ac0000)
 ParOldGen       total 87424K, used 16891K [0x0000000780000000, 0x0000000785560000, 0x00000007d5560000)
  object space 87424K, 19% used [0x0000000780000000,0x000000078107ec30,0x0000000785560000)
 PSPermGen       total 21248K, used 9027K [0x000000077ae00000, 0x000000077c2c0000, 0x0000000780000000)
  object space 21248K, 42% used [0x000000077ae00000,0x000000077b6d0dd0,0x000000077c2c0000)
}
Event: 2.587 GC heap before
{Heap before GC invocations=4 (full 0):
 PSYoungGen      total 35008K, used 34968K [0x00000007d5560000, 0x00000007d9ac0000, 0x0000000800000000)
  eden space 32768K, 99% used [0x00000007d5560000,0x00000007d7557040,0x00000007d7560000)
  from space 2240K, 99% used [0x00000007d9250000,0x00000007d947f060,0x00000007d9480000)
  to   space 5440K, 0% used [0x00000007d9570000,0x00000007d9570000,0x00000007d9ac0000)
 ParOldGen       total 87424K, used 16891K [0x0000000780000000, 0x0000000785560000, 0x00000007d5560000)
  object space 87424K, 19% used [0x0000000780000000,0x000000078107ec30,0x0000000785560000)
 PSPermGen       total 21248K, used 9031K [0x000000077ae00000, 0x000000077c2c0000, 0x0000000780000000)
  object space 21248K, 42% used [0x000000077ae00000,0x000000077b6d1e00,0x000000077c2c0000)
Event: 2.591 GC heap after
Heap after GC invocations=4 (full 0):
 PSYoungGen      total 35008K, used 2220K [0x00000007d5560000, 0x00000007d97a0000, 0x0000000800000000)
  eden space 32768K, 0% used [0x00000007d5560000,0x00000007d5560000,0x00000007d7560000)
  from space 2240K, 99% used [0x00000007d9570000,0x00000007d979b050,0x00000007d97a0000)
  to   space 5440K, 0% used [0x00000007d8d00000,0x00000007d8d00000,0x00000007d9250000)
 ParOldGen       total 87424K, used 16891K [0x0000000780000000, 0x0000000785560000, 0x00000007d5560000)
  object space 87424K, 19% used [0x0000000780000000,0x000000078107ec30,0x0000000785560000)
 PSPermGen       total 21248K, used 9031K [0x000000077ae00000, 0x000000077c2c0000, 0x0000000780000000)
  object space 21248K, 42% used [0x000000077ae00000,0x000000077b6d1e00,0x000000077c2c0000)
}
Event: 3.132 GC heap before
{Heap before GC invocations=5 (full 0):
 PSYoungGen      total 35008K, used 34227K [0x00000007d5560000, 0x00000007d97a0000, 0x0000000800000000)
  eden space 32768K, 97% used [0x00000007d5560000,0x00000007d74a1cf0,0x00000007d7560000)
  from space 2240K, 99% used [0x00000007d9570000,0x00000007d979b050,0x00000007d97a0000)
  to   space 5440K, 0% used [0x00000007d8d00000,0x00000007d8d00000,0x00000007d9250000)
 ParOldGen       total 87424K, used 16891K [0x0000000780000000, 0x0000000785560000, 0x00000007d5560000)
  object space 87424K, 19% used [0x0000000780000000,0x000000078107ec30,0x0000000785560000)
 PSPermGen       total 21248K, used 9053K [0x000000077ae00000, 0x000000077c2c0000, 0x0000000780000000)
  object space 21248K, 42% used [0x000000077ae00000,0x000000077b6d7770,0x000000077c2c0000)
Event: 3.136 GC heap after
Heap after GC invocations=5 (full 0):
 PSYoungGen      total 37440K, used 2788K [0x00000007d5560000, 0x00000007d9580000, 0x0000000800000000)
  eden space 32000K, 0% used [0x00000007d5560000,0x00000007d5560000,0x00000007d74a0000)
  from space 5440K, 51% used [0x00000007d8d00000,0x00000007d8fb9070,0x00000007d9250000)
  to   space 2944K, 0% used [0x00000007d92a0000,0x00000007d92a0000,0x00000007d9580000)
 ParOldGen       total 87424K, used 16891K [0x0000000780000000, 0x0000000785560000, 0x00000007d5560000)
  object space 87424K, 19% used [0x0000000780000000,0x000000078107ec30,0x0000000785560000)
 PSPermGen       total 21248K, used 9053K [0x000000077ae00000, 0x000000077c2c0000, 0x0000000780000000)
  object space 21248K, 42% used [0x000000077ae00000,0x000000077b6d7770,0x000000077c2c0000)
}
Event: 3.669 GC heap before
{Heap before GC invocations=6 (full 0):
 PSYoungGen      total 37440K, used 34507K [0x00000007d5560000, 0x00000007d9580000, 0x0000000800000000)
  eden space 32000K, 99% used [0x00000007d5560000,0x00000007d7459d00,0x00000007d74a0000)
  from space 5440K, 51% used [0x00000007d8d00000,0x00000007d8fb9070,0x00000007d9250000)
  to   space 2944K, 0% used [0x00000007d92a0000,0x00000007d92a0000,0x00000007d9580000)
 ParOldGen       total 87424K, used 16891K [0x0000000780000000, 0x0000000785560000, 0x00000007d5560000)
  object space 87424K, 19% used [0x0000000780000000,0x000000078107ec30,0x0000000785560000)
 PSPermGen       total 21248K, used 9060K [0x000000077ae00000, 0x000000077c2c0000, 0x0000000780000000)
  object space 21248K, 42% used [0x000000077ae00000,0x000000077b6d9118,0x000000077c2c0000)
Event: 3.673 GC heap after
Heap after GC invocations=6 (full 0):
 PSYoungGen      total 33536K, used 2252K [0x00000007d5560000, 0x00000007d94e0000, 0x0000000800000000)
  eden space 31232K, 0% used [0x00000007d5560000,0x00000007d5560000,0x00000007d73e0000)
  from space 2304K, 97% used [0x00000007d92a0000,0x00000007d94d3050,0x00000007d94e0000)
  to   space 2816K, 0% used [0x00000007d8f60000,0x00000007d8f60000,0x00000007d9220000)
 ParOldGen       total 87424K, used 16899K [0x0000000780000000, 0x0000000785560000, 0x00000007d5560000)
  object space 87424K, 19% used [0x0000000780000000,0x0000000781080c30,0x0000000785560000)
 PSPermGen       total 21248K, used 9060K [0x000000077ae00000, 0x000000077c2c0000, 0x0000000780000000)
  object space 21248K, 42% used [0x000000077ae00000,0x000000077b6d9118,0x000000077c2c0000)
}
Event: 4.196 GC heap before
{Heap before GC invocations=7 (full 0):
 PSYoungGen      total 33536K, used 33045K [0x00000007d5560000, 0x00000007d94e0000, 0x0000000800000000)
  eden space 31232K, 98% used [0x00000007d5560000,0x00000007d73724c8,0x00000007d73e0000)
  from space 2304K, 97% used [0x00000007d92a0000,0x00000007d94d3050,0x00000007d94e0000)
  to   space 2816K, 0% used [0x00000007d8f60000,0x00000007d8f60000,0x00000007d9220000)
 ParOldGen       total 87424K, used 16899K [0x0000000780000000, 0x0000000785560000, 0x00000007d5560000)
  object space 87424K, 19% used [0x0000000780000000,0x0000000781080c30,0x0000000785560000)
 PSPermGen       total 21248K, used 9113K [0x000000077ae00000, 0x000000077c2c0000, 0x0000000780000000)
  object space 21248K, 42% used [0x000000077ae00000,0x000000077b6e65f8,0x000000077c2c0000)
Event: 4.200 GC heap after
Heap after GC invocations=7 (full 0):
 PSYoungGen      total 30784K, used 224K [0x00000007d5560000, 0x00000007d92b0000, 0x0000000800000000)
  eden space 30528K, 0% used [0x00000007d5560000,0x00000007d5560000,0x00000007d7330000)
  from space 256K, 87% used [0x00000007d8f60000,0x00000007d8f98000,0x00000007d8fa0000)
  to   space 3136K, 0% used [0x00000007d8fa0000,0x00000007d8fa0000,0x00000007d92b0000)
 ParOldGen       total 87424K, used 19525K [0x0000000780000000, 0x0000000785560000, 0x00000007d5560000)
  object space 87424K, 22% used [0x0000000780000000,0x0000000781311530,0x0000000785560000)
 PSPermGen       total 21248K, used 9113K [0x000000077ae00000, 0x000000077c2c0000, 0x0000000780000000)
  object space 21248K, 42% used [0x000000077ae00000,0x000000077b6e65f8,0x000000077c2c0000)
}

